<?xml version="1.0" encoding="UTF-8"?>
<!-- Generated by org.testng.reporters.JUnitReportReporter -->
<testsuite skipped="0" hostname="DESKTOP-B4V0BU4" name="com.pack.two.TestB" tests="2" failures="0" timestamp="23 Apr 2018 06:22:00 GMT" time="0.015" errors="0">
  <testcase name="testTwo" time="0.006" classname="com.pack.two.TestB"/>
  <testcase name="testOne" time="0.009" classname="com.pack.two.TestB"/>
</testsuite> <!-- com.pack.two.TestB -->
