<?xml version="1.0" encoding="UTF-8"?>
<!-- Generated by org.testng.reporters.JUnitReportReporter -->
<testsuite skipped="0" hostname="DESKTOP-B4V0BU4" name="com.pack.one.TestA" tests="2" failures="0" timestamp="23 Apr 2018 06:22:00 GMT" time="0.016" errors="0">
  <testcase name="testTwo" time="0.008" classname="com.pack.one.TestA"/>
  <testcase name="testOne" time="0.008" classname="com.pack.one.TestA"/>
</testsuite> <!-- com.pack.one.TestA -->
